<?xml version="1.0" encoding="UTF-8"?>
<!-- Generated by org.testng.reporters.JUnitXMLReporter -->
<testsuite ignored="20" hostname="SILICUS524" failures="1" tests="2" name="Test" time="238.451" errors="0" timestamp="2020-05-26T22:25:27 IST">
  <testcase classname="demoMavenProject5.Searchfunctionality" name="Test12_testORDER_HISTORY_Page" time="101.684"/>
  <testcase classname="demoMavenProject5.NavigationBar" name="Test12_testORDER_HISTORY_Pagenav" time="136.63">
    <failure type="org.openqa.selenium.WebDriverException" message="chrome not reachable
  (Session info: chrome=81.0.4044.138)
Build info: version: &amp;apos;3.141.59&amp;apos;, revision: &amp;apos;e82be7d358&amp;apos;, time: &amp;apos;2018-11-14T08:17:03&amp;apos;
System info: host: &amp;apos;SILICUS524&amp;apos;, ip: &amp;apos;192.168.42.229&amp;apos;, os.name: &amp;apos;Windows 10&amp;apos;, os.arch: &amp;apos;amd64&amp;apos;, os.version: &amp;apos;10.0&amp;apos;, java.version: &amp;apos;13.0.1&amp;apos;
Driver info: org.openqa.selenium.chrome.ChromeDriver
Capabilities {acceptInsecureCerts: false, browserName: chrome, browserVersion: 81.0.4044.138, chrome: {chromedriverVersion: 81.0.4044.138 (8c6c7ba89cc9..., userDataDir: C:\Users\admin\AppData\Loca...}, goog:chromeOptions: {debuggerAddress: localhost:62981}, javascriptEnabled: true, networkConnectionEnabled: false, pageLoadStrategy: normal, platform: WINDOWS, platformName: WINDOWS, proxy: Proxy(), setWindowRect: true, strictFileInteractability: false, timeouts: {implicit: 0, pageLoad: 300000, script: 30000}, unhandledPromptBehavior: dismiss and notify, webauthn:virtualAuthenticators: true}
Session ID: 6651e4bd48d52b8d0702b65e61ff3a41
*** Element info: {Using=css selector, value=div[class=&amp;apos;info-order box&amp;apos;] a[target=&amp;apos;_blank&amp;apos;]}">
      <![CDATA[org.openqa.selenium.WebDriverException: chrome not reachable
  (Session info: chrome=81.0.4044.138)
Build info: version: '3.141.59', revision: 'e82be7d358', time: '2018-11-14T08:17:03'
System info: host: 'SILICUS524', ip: '192.168.42.229', os.name: 'Windows 10', os.arch: 'amd64', os.version: '10.0', java.version: '13.0.1'
Driver info: org.openqa.selenium.chrome.ChromeDriver
Capabilities {acceptInsecureCerts: false, browserName: chrome, browserVersion: 81.0.4044.138, chrome: {chromedriverVersion: 81.0.4044.138 (8c6c7ba89cc9..., userDataDir: C:\Users\admin\AppData\Loca...}, goog:chromeOptions: {debuggerAddress: localhost:62981}, javascriptEnabled: true, networkConnectionEnabled: false, pageLoadStrategy: normal, platform: WINDOWS, platformName: WINDOWS, proxy: Proxy(), setWindowRect: true, strictFileInteractability: false, timeouts: {implicit: 0, pageLoad: 300000, script: 30000}, unhandledPromptBehavior: dismiss and notify, webauthn:virtualAuthenticators: true}
Session ID: 6651e4bd48d52b8d0702b65e61ff3a41
*** Element info: {Using=css selector, value=div[class='info-order box'] a[target='_blank']}
at org.openqa.selenium.remote.http.W3CHttpResponseCodec.createException(W3CHttpResponseCodec.java:187)
at org.openqa.selenium.remote.http.W3CHttpResponseCodec.decode(W3CHttpResponseCodec.java:122)
at org.openqa.selenium.remote.http.W3CHttpResponseCodec.decode(W3CHttpResponseCodec.java:49)
at org.openqa.selenium.remote.HttpCommandExecutor.execute(HttpCommandExecutor.java:158)
at org.openqa.selenium.remote.service.DriverCommandExecutor.execute(DriverCommandExecutor.java:83)
at org.openqa.selenium.remote.RemoteWebDriver.execute(RemoteWebDriver.java:552)
at org.openqa.selenium.remote.RemoteWebDriver.findElement(RemoteWebDriver.java:323)
at org.openqa.selenium.remote.RemoteWebDriver.findElementByCssSelector(RemoteWebDriver.java:420)
at org.openqa.selenium.By$ByCssSelector.findElement(By.java:431)
at org.openqa.selenium.remote.RemoteWebDriver.findElement(RemoteWebDriver.java:315)
at org.openqa.selenium.support.pagefactory.DefaultElementLocator.findElement(DefaultElementLocator.java:69)
at org.openqa.selenium.support.pagefactory.internal.LocatingElementHandler.invoke(LocatingElementHandler.java:38)
at com.sun.proxy.$Proxy10.click(Unknown Source)
at demoMavenProject5.NavigationBar.Test12_testORDER_HISTORY_Pagenav(NavigationBar.java:973)
at java.base/java.util.ArrayList.forEach(ArrayList.java:1507)
... Removed 32 stack frames]]>
    </failure>
  </testcase> <!-- Test12_testORDER_HISTORY_Pagenav -->
  <testcase classname="demoMavenProject5.NavigationBar" name="Test4_AddtoCartSearchedProductsFromNewTabnav" time="0.0">
    <ignored/>
  </testcase> <!-- Test4_AddtoCartSearchedProductsFromNewTabnav -->
  <testcase classname="demoMavenProject5.NavigationBar" name="Test11_Order_confirm_Pagenav" time="0.0">
    <ignored/>
  </testcase> <!-- Test11_Order_confirm_Pagenav -->
  <testcase classname="demoMavenProject5.Searchfunctionality" name="Test11_Order_Summury_Page" time="0.0">
    <ignored/>
  </testcase> <!-- Test11_Order_Summury_Page -->
  <testcase classname="demoMavenProject5.Searchfunctionality" name="Test10_Order_Summury_Page" time="0.0">
    <ignored/>
  </testcase> <!-- Test10_Order_Summury_Page -->
  <testcase classname="demoMavenProject5.Searchfunctionality" name="Test8_ShippingPage" time="0.0">
    <ignored/>
  </testcase> <!-- Test8_ShippingPage -->
  <testcase classname="demoMavenProject5.NavigationBar" name="Test7_ADDRESSES_verificationnav" time="0.0">
    <ignored/>
  </testcase> <!-- Test7_ADDRESSES_verificationnav -->
  <testcase classname="demoMavenProject5.NavigationBar" name="Test9_SelectPaymentMethodnav" time="0.0">
    <ignored/>
  </testcase> <!-- Test9_SelectPaymentMethodnav -->
  <testcase classname="demoMavenProject5.Searchfunctionality" name="Test7_ADDRESSES_verification" time="0.0">
    <ignored/>
  </testcase> <!-- Test7_ADDRESSES_verification -->
  <testcase classname="demoMavenProject5.NavigationBar" name="Test5_ShppingCartSummary_nav" time="0.0">
    <ignored/>
  </testcase> <!-- Test5_ShppingCartSummary_nav -->
  <testcase classname="demoMavenProject5.Searchfunctionality" name="Test6_UserAuthtification" time="0.0">
    <ignored/>
  </testcase> <!-- Test6_UserAuthtification -->
  <testcase classname="demoMavenProject5.Searchfunctionality" name="Test5_ShppingCartSummary_" time="0.0">
    <ignored/>
  </testcase> <!-- Test5_ShppingCartSummary_ -->
  <testcase classname="demoMavenProject5.NavigationBar" name="Test10_Order_Summury_Pagenav" time="0.0">
    <ignored/>
  </testcase> <!-- Test10_Order_Summury_Pagenav -->
  <testcase classname="demoMavenProject5.Searchfunctionality" name="Test2_testSearchfunction" time="0.0">
    <ignored/>
  </testcase> <!-- Test2_testSearchfunction -->
  <testcase classname="demoMavenProject5.NavigationBar" name="Test2_unOrderedListnav" time="0.0">
    <ignored/>
  </testcase> <!-- Test2_unOrderedListnav -->
  <testcase classname="demoMavenProject5.NavigationBar" name="Test3_OpenSearchedProductsInNewTabnav" time="0.0">
    <ignored/>
  </testcase> <!-- Test3_OpenSearchedProductsInNewTabnav -->
  <testcase classname="demoMavenProject5.NavigationBar" name="Test6_UserAuthtificationnav" time="0.0">
    <ignored/>
  </testcase> <!-- Test6_UserAuthtificationnav -->
  <testcase classname="demoMavenProject5.Searchfunctionality" name="Test3_OpenSearchedProductsInNewTab" time="0.0">
    <ignored/>
  </testcase> <!-- Test3_OpenSearchedProductsInNewTab -->
  <testcase classname="demoMavenProject5.NavigationBar" name="Test8_ShippingPagenav" time="0.0">
    <ignored/>
  </testcase> <!-- Test8_ShippingPagenav -->
  <testcase classname="demoMavenProject5.Searchfunctionality" name="Test4_AddtoCartSearchedProductsFromNewTab" time="0.0">
    <ignored/>
  </testcase> <!-- Test4_AddtoCartSearchedProductsFromNewTab -->
  <testcase classname="demoMavenProject5.Searchfunctionality" name="Test9_SelectPaymentMethod" time="0.0">
    <ignored/>
  </testcase> <!-- Test9_SelectPaymentMethod -->
</testsuite> <!-- Test -->
